<?xml version="1.0" encoding="UTF-8"?>
<!-- Generated by org.testng.reporters.JUnitXMLReporter -->
<testsuite ignored="0" hostname="bafeecfbfcebfaf332308175cfadffcfabffaone-0" failures="0" tests="3" name="Surefire test" time="32.874" errors="0" timestamp="2025-08-20T18:31:06 UTC">
  <testcase classname="runner.LoginTest" name="spareTest" time="6.054"/>
  <testcase classname="runner.LoginTest" name="loginTest" time="3.664"/>
  <testcase classname="runner.LoginTest" name="blogTest" time="11.766"/>
</testsuite> <!-- Surefire test -->
