<?xml version="1.0" encoding="UTF-8"?>
<!-- Generated by org.testng.reporters.JUnitXMLReporter -->
<testsuite ignored="0" hostname="bafeecfbfcebfaf332308175cfadffcfabffaone-0" failures="0" tests="3" name="Surefire test" time="27.847" errors="0" timestamp="2025-08-20T18:03:34 UTC">
  <testcase classname="runner.LoginTest" name="spareTest" time="4.369"/>
  <testcase classname="runner.LoginTest" name="loginTest" time="3.728"/>
  <testcase classname="runner.LoginTest" name="blogTest" time="9.125"/>
</testsuite> <!-- Surefire test -->
