<?xml version="1.0" encoding="UTF-8"?>
<testng-results ignored="0" total="1" passed="1" failed="0" skipped="0">
  <reporter-output>
  </reporter-output>
  <suite started-at="2025-08-20T07:23:41 UTC" name="Surefire suite" finished-at="2025-08-20T07:23:46 UTC" duration-ms="5469">
    <groups>
    </groups>
    <test started-at="2025-08-20T07:23:41 UTC" name="Surefire test" finished-at="2025-08-20T07:23:46 UTC" duration-ms="5469">
      <class name="runner.LoginTest">
        <test-method is-config="true" signature="setUp()[pri:0, instance:runner.LoginTest@2ddc8ecb]" started-at="2025-08-20T07:23:41 UTC" name="setUp" finished-at="2025-08-20T07:23:45 UTC" duration-ms="3977" status="PASS">
          <reporter-output>
          </reporter-output>
        </test-method> <!-- setUp -->
        <test-method signature="loginTest()[pri:0, instance:runner.LoginTest@2ddc8ecb]" started-at="2025-08-20T07:23:45 UTC" name="loginTest" finished-at="2025-08-20T07:23:46 UTC" duration-ms="1258" status="PASS">
          <reporter-output>
          </reporter-output>
        </test-method> <!-- loginTest -->
        <test-method is-config="true" signature="tearDown()[pri:0, instance:runner.LoginTest@2ddc8ecb]" started-at="2025-08-20T07:23:46 UTC" name="tearDown" finished-at="2025-08-20T07:23:46 UTC" duration-ms="187" status="PASS">
          <reporter-output>
          </reporter-output>
        </test-method> <!-- tearDown -->
      </class> <!-- runner.LoginTest -->
    </test> <!-- Surefire test -->
  </suite> <!-- Surefire suite -->
</testng-results>
